android/app/build/outputs/mapping/release/seeds.txt
com.upendo.MainActivity
com.upendo.MainApplication
com.upendo.MainActivity: MainActivity()
com.upendo.MainApplication: MainApplication()
...
com.facebook.cache.common.CacheEventListener$EvictionReason: com.facebook.cache.common.CacheEventListener$EvictionReason valueOf(java.lang.String)
com.facebook.react.uimanager.BaseViewManager: void setViewState(android.view.View,com.facebook.react.bridge.ReadableMap)
com.horcrux.svg.VirtualViewManager: void setMarkerEnd(com.horcrux.svg.VirtualView,java.lang.String)
kotlinx.coroutines.internal.LockFreeLinkedListNode: LockFreeLinkedListNode()
com.horcrux.rnsvg.NativeSvgRenderableModuleSpec: boolean isPointInFill(java.lang.Double,com.facebook.react.bridge.ReadableMap)
com.facebook.react.bridge.ReadableNativeMap$1$1: java.lang.Object getValue()
com.facebook.react.views.image.ReactImageManager: void setBorderWidth(com.facebook.react.views.image.ReactImageView,float)
com.facebook.react.fabric.FabricUIManager: com.facebook.react.fabric.mounting.MountItemDispatcher access$000(com.facebook.react.fabric.FabricUIManager)
com.facebook.fbreact.specs.NativeToastAndroidSpec: void showWithGravityAndOffset(java.lang.String,double,double,double,double)
com.facebook.react.common.mapbuffer.MapBuffer$DataType: com.facebook.react.common.mapbuffer.MapBuffer$DataType valueOf(java.lang.String)
com.facebook.react.modules.network.NetworkingModule: void addResponseHandler(com.facebook.react.modules.network.NetworkingModule$ResponseHandler)
io.invertase.firebase.messaging.ReactNativeFirebaseMessagingModule: java.util.Map getConstants()
com.horcrux.svg.RenderableViewManager$TSpanViewManager: void setStrokeLinejoin(android.view.View,int)
androidx.core.view.accessibility.AccessibilityManagerCompat$Api19Impl: boolean addTouchExplorationStateChangeListenerWrapper(android.view.accessibility.AccessibilityManager,androidx.core.view.accessibility.AccessibilityManagerCompat$TouchExplorationStateChangeListener)
androidx.appcompat.widget.AppCompatReceiveContentHelper$OnDropApi24Impl: boolean onDropForView(android.view.DragEvent,android.view.View,android.app.Activity)
com.facebook.react.views.swiperefresh.SwipeRefreshLayoutManager: com.facebook.react.uimanager.ViewManagerDelegate getDelegate()
com.facebook.drawee.view.DraweeView: com.facebook.drawee.interfaces.DraweeController getController()
com.facebook.react.views.view.ReactViewGroup: void onLayout(boolean,int,int,int,int)
com.horcrux.svg.VirtualViewManager: void setOpacity(com.horcrux.svg.VirtualView,float)
com.facebook.react.bridge.JavaMethodWrapper: char commonTypeToChar(java.lang.Class)
androidx.appcompat.widget.SearchView: void setSuggestionsAdapter(androidx.cursoradapter.widget.CursorAdapter)
androidx.appcompat.widget.AppCompatTextView: int getAutoSizeMinTextSize()
com.reactnativecommunity.picker.ReactPickerManager: void setDropdownIconColor(com.reactnativecommunity.picker.ReactPicker,int)
com.facebook.react.modules.clipboard.ClipboardModule: void setString(java.lang.String)
com.horcrux.svg.RenderableViewManager$PatternManager: void setMinX(android.view.View,float)
org.chromium.support_lib_boundary.WebMessageListenerBoundaryInterface: void onPostMessage(android.webkit.WebView,java.lang.reflect.InvocationHandler,android.net.Uri,boolean,java.lang.reflect.InvocationHandler)
androidx.appcompat.widget.SwitchCompat: android.graphics.PorterDuff$Mode getTrackTintMode()
com.google.android.material.floatingactionbutton.FloatingActionButton: com.google.android.material.animation.MotionSpec getHideMotionSpec()
com.facebook.react.modules.debug.DevSettingsModule: void reload()
com.reactnativecommunity.picker.ReactPickerManager: void receiveCommand(android.view.View,java.lang.String,com.facebook.react.bridge.ReadableArray)
androidx.cardview.widget.CardView: void setRadius(float)
com.facebook.react.fabric.FabricUIManager: int startSurface(android.view.View,java.lang.String,com.facebook.react.bridge.WritableMap,int,int)
com.swmansion.rnscreens.ScreenStackHeaderConfigViewManager: void setBackTitleFontSize(com.swmansion.rnscreens.ScreenStackHeaderConfig,int)