android/app/build/outputs/mapping/release/mapping.txt
# compiler: R8
# compiler_version: 3.3.83
# min_api: 21
# common_typos_disable
# {"id":"com.android.tools.r8.mapping","version":"2.0"}
# pg_map_id: 403fedb
# pg_map_hash: SHA-256 403fedbced4bc945d72bc6b44deaac692d922db1adf2395c502b47882f84a455
com.upendo.MainActivity -> com.upendo.MainActivity:
    com.facebook.react.ReactActivityDelegate createReactActivityDelegate() -> n0
    java.lang.String getMainComponentName() -> o0
com.upendo.MainApplication -> com.upendo.MainApplication:
    com.facebook.react.ReactNativeHost mReactNativeHost -> o
    com.facebook.react.ReactNativeHost getReactNativeHost() -> a
com.upendo.MainApplication$1 -> com.upendo.MainApplication$a:
    com.upendo.MainApplication this$0 -> c
    java.lang.String getJSMainModuleName() -> f
    java.util.List getPackages() -> i
    boolean getUseDeveloperSupport() -> o
    boolean isNewArchEnabled() -> q
com.upendo.ReactNativeFlipper -> v9.a:
    void initializeFlipper(android.content.Context,com.facebook.react.ReactInstanceManager) -> a
...
com.facebook.react.devsupport.interfaces.PackagerStatusCallback -> f4.e:
    void onPackagerStatusFetched(boolean) -> a
com.facebook.react.devsupport.interfaces.RedBoxHandler -> f4.f:
com.facebook.react.fabric.LongStreamingStats$$ExternalSyntheticApiModelOutline0 -> com.facebook.react.fabric.a:
# {"id":"sourceFile","fileName":"R8$$SyntheticClass"}
# {"id":"com.android.tools.r8.synthesized"}
    java.util.Comparator com.facebook.react.fabric.LongStreamingStats$$InternalSyntheticApiModelOutline$1$1fbc23de3552881e4ed09cfe95e4414ecd20ac7240b7b74f1e5c0c550128d729$0.m() -> a
      # {"id":"com.android.tools.r8.synthesized"}
com.facebook.react.fabric.LongStreamingStats$$ExternalSyntheticApiModelOutline1 -> com.facebook.react.fabric.b:
# {"id":"sourceFile","fileName":"R8$$SyntheticClass"}
# {"id":"com.android.tools.r8.synthesized"}
    java.util.Comparator com.facebook.react.fabric.LongStreamingStats$$InternalSyntheticApiModelOutline$1$1fbc23de3552881e4ed09cfe95e4414ecd20ac7240b7b74f1e5c0c550128d729$1.m() -> a
      # {"id":"com.android.tools.r8.synthesized"}
com.facebook.react.fabric.mounting.LayoutMetricsConversions$-CC -> com.facebook.react.fabric.mounting.a:
# {"id":"sourceFile","fileName":"R8$$SyntheticClass"}
# {"id":"com.android.tools.r8.synthesized"}
    float getMaxSize(int) -> a
      # {"id":"com.android.tools.r8.synthesized"}
    float getMinSize(int) -> b
      # {"id":"com.android.tools.r8.synthesized"}
    com.facebook.yoga.YogaMeasureMode getYogaMeasureMode(float,float) -> c
      # {"id":"com.android.tools.r8.synthesized"}
    float getYogaSize(float,float) -> d
      # {"id":"com.android.tools.r8.synthesized"}
com.facebook.react.jscexecutor.JSCExecutor -> com.facebook.react.jscexecutor.JSCExecutor:
    void loadLibrary() -> a
com.facebook.react.jscexecutor.JSCExecutorFactory -> com.facebook.react.jscexecutor.a:
    java.lang.String mAppName -> a
    java.lang.String mDeviceName -> b
com.facebook.react.jstasks.HeadlessJsTaskConfig -> g4.a:
    com.facebook.react.bridge.WritableMap mData -> b
    java.lang.String mTaskKey -> a
    long mTimeout -> c
    com.facebook.react.jstasks.HeadlessJsTaskRetryPolicy mRetryPolicy -> e
    boolean mAllowedInForeground -> d
    com.facebook.react.bridge.WritableMap getData() -> a
    com.facebook.react.jstasks.HeadlessJsTaskRetryPolicy getRetryPolicy() -> b
    java.lang.String getTaskKey() -> c
    long getTimeout() -> d
    boolean isAllowedInForeground() -> e
com.facebook.react.jstasks.HeadlessJsTaskContext -> g4.b:
    android.os.Handler mHandler -> d
    java.util.concurrent.atomic.AtomicInteger mLastTaskId -> c
    java.util.Set mActiveTasks -> e
    java.util.WeakHashMap INSTANCES -> h
    android.util.SparseArray mTaskTimeouts -> g
    java.lang.ref.WeakReference mReactContext -> a
    java.util.Set mHeadlessJsTaskEventListeners -> b
    java.util.Map mActiveTaskConfigs -> f
    void access$000(com.facebook.react.jstasks.HeadlessJsTaskContext,com.facebook.react.jstasks.HeadlessJsTaskConfig,int) -> a
    java.util.Set access$100(com.facebook.react.jstasks.HeadlessJsTaskContext) -> b
    void addTaskEventListener(com.facebook.react.jstasks.HeadlessJsTaskEventListener) -> c
    void finishTask(int) -> d
    com.facebook.react.jstasks.HeadlessJsTaskContext getInstance(com.facebook.react.bridge.ReactContext) -> e
    boolean hasActiveTasks() -> f
    boolean isTaskRunning(int) -> g
    void removeTaskEventListener(com.facebook.react.jstasks.HeadlessJsTaskEventListener) -> h
    void removeTimeout(int) -> i
    boolean retryTask(int) -> j
    void scheduleTaskTimeout(int,long) -> k
    int startTask(com.facebook.react.jstasks.HeadlessJsTaskConfig) -> l
    void startTask(com.facebook.react.jstasks.HeadlessJsTaskConfig,int) -> m
com.facebook.react.jstasks.HeadlessJsTaskContext$1 -> g4.b$a:
    com.facebook.react.jstasks.HeadlessJsTaskConfig val$taskConfig -> o
    int val$taskId -> p
    com.facebook.react.jstasks.HeadlessJsTaskContext this$0 -> q