android/app/build/outputs/mapping/release/usage.txt
com.upendo.BuildConfig
com.upendo.MainApplication$1:
    protected java.lang.Boolean isHermesEnabled()
com.upendo.R$anim
com.upendo.R$animator
com.upendo.R$attr
com.upendo.R$bool
com.upendo.R$color
com.upendo.R$dimen
com.upendo.R$drawable
com.upendo.R$id
com.upendo.R$integer
com.upendo.R$interpolator
com.upendo.R$layout
com.upendo.R$mipmap
com.upendo.R$plurals
com.upendo.R$raw
com.upendo.R$string
com.upendo.R$style
com.upendo.R$styleable
com.upendo.R$xml
com.upendo.R
com.upendo.ReactNativeFlipper:
    public void <init>()
...
com.facebook.imagepipeline.core.PriorityThreadFactory:
    public void <init>(int)
com.facebook.imagepipeline.core.ProducerFactory:
    private static final int MAX_SIMULTANEOUS_REQUESTS
com.facebook.imagepipeline.core.ProducerSequenceFactory:
    com.facebook.imagepipeline.producers.Producer mBackgroundLocalContentUriFetchToEncodedMemorySequence
    com.facebook.imagepipeline.producers.Producer mLocalContentUriEncodedImageProducerSequence
    com.facebook.imagepipeline.producers.Producer mLocalFileEncodedImageProducerSequence
    com.facebook.imagepipeline.producers.Producer mNetworkEncodedImageProducerSequence
    private synchronized com.facebook.imagepipeline.producers.Producer getBackgroundLocalContentUriFetchToEncodeMemorySequence()
    public com.facebook.imagepipeline.producers.Producer getDecodedImagePrefetchProducerSequence(com.facebook.imagepipeline.request.ImageRequest)
    private synchronized com.facebook.imagepipeline.producers.Producer getDecodedImagePrefetchSequence(com.facebook.imagepipeline.producers.Producer)
    public com.facebook.imagepipeline.producers.Producer getEncodedImageProducerSequence(com.facebook.imagepipeline.request.ImageRequest)
    public com.facebook.imagepipeline.producers.Producer getLocalContentUriFetchEncodedImageProducerSequence()
    public com.facebook.imagepipeline.producers.Producer getLocalFileFetchEncodedImageProducerSequence()
    public com.facebook.imagepipeline.producers.Producer getNetworkFetchEncodedImageProducerSequence()
com.facebook.imagepipeline.datasource.AbstractProducerToDataSourceAdapter:
    public com.facebook.imagepipeline.request.ImageRequest getImageRequest()
com.facebook.imagepipeline.datasource.BaseBitmapReferenceDataSubscriber
com.facebook.imagepipeline.datasource.BaseListBitmapDataSubscriber
com.facebook.imagepipeline.datasource.ListDataSource$1
com.facebook.imagepipeline.datasource.ListDataSource$InternalDataSubscriber
com.facebook.imagepipeline.datasource.ListDataSource
com.facebook.imagepipeline.datasource.SettableDataSource
com.facebook.imagepipeline.debug.CloseableReferenceLeakTracker$Listener
com.facebook.imagepipeline.debug.CloseableReferenceLeakTracker:
    public abstract void setListener(com.facebook.imagepipeline.debug.CloseableReferenceLeakTracker$Listener)
com.facebook.imagepipeline.debug.NoOpCloseableReferenceLeakTracker:
    public void setListener(com.facebook.imagepipeline.debug.CloseableReferenceLeakTracker$Listener)
com.facebook.imagepipeline.decoder.DecodeException:
    public void <init>(java.lang.String,java.lang.Throwable,com.facebook.imagepipeline.image.EncodedImage)
com.facebook.imagepipeline.decoder.ImageDecoderConfig$1
com.facebook.imagepipeline.decoder.ImageDecoderConfig$Builder
com.facebook.imagepipeline.decoder.ImageDecoderConfig:
    private final java.util.Map mCustomImageDecoders
    private final java.util.List mCustomImageFormats
    private void <init>(com.facebook.imagepipeline.decoder.ImageDecoderConfig$Builder)
    synthetic void <init>(com.facebook.imagepipeline.decoder.ImageDecoderConfig$Builder,com.facebook.imagepipeline.decoder.ImageDecoderConfig$1)
    public static com.facebook.imagepipeline.decoder.ImageDecoderConfig$Builder newBuilder()
com.facebook.imagepipeline.decoder.ProgressiveJpegParser:
    private static final int BUFFER_SIZE
    private static final int NOT_A_JPEG
    private static final int READ_FIRST_JPEG_BYTE
    private static final int READ_MARKER_FIRST_BYTE_OR_ENTROPY_DATA
    private static final int READ_MARKER_SECOND_BYTE
    private static final int READ_SECOND_JPEG_BYTE
    private static final int READ_SIZE_FIRST_BYTE
    private static final int READ_SIZE_SECOND_BYTE
    public boolean isJpeg()
com.facebook.imagepipeline.filter.InPlaceRoundFilter
com.facebook.imagepipeline.filter.IterativeBoxBlurFilter
com.facebook.imagepipeline.filter.RenderScriptBlurFilter
com.facebook.imagepipeline.filter.XferRoundFilter